#-----------------------------------------------------------
# Vivado v2020.2 (64-bit)
# SW Build 3064766 on Wed Nov 18 09:12:45 MST 2020
# IP Build 3064653 on Wed Nov 18 14:17:31 MST 2020
# Start of session at: Thu Jan  7 17:30:33 2021
# Process ID: 4152
# Current directory: C:/Cyanbox/curriculum/arch/RISC-V_lab/PPL_CACHE_PLUS_changesize_stage2
# Command line: vivado.exe -gui_launcher_event rodinguilauncherevent17000 C:\Cyanbox\curriculum\arch\RISC-V_lab\PPL_CACHE_PLUS_changesize_stage2\ArchTestUtils.xpr
# Log file: C:/Cyanbox/curriculum/arch/RISC-V_lab/PPL_CACHE_PLUS_changesize_stage2/vivado.log
# Journal file: C:/Cyanbox/curriculum/arch/RISC-V_lab/PPL_CACHE_PLUS_changesize_stage2\vivado.jou
#-----------------------------------------------------------
start_gui
open_project C:/Cyanbox/curriculum/arch/RISC-V_lab/PPL_CACHE_PLUS_changesize_stage2/ArchTestUtils.xpr
Scanning sources...
Finished scanning sources
INFO: [IP_Flow 19-234] Refreshing IP repositories
INFO: [IP_Flow 19-1704] No user IP repositories specified
INFO: [IP_Flow 19-2313] Loaded Vivado IP repository 'C:/Xilinx/Vivado/2020.2/data/ip'.
open_project: Time (s): cpu = 00:00:22 ; elapsed = 00:00:08 . Memory (MB): peak = 1008.594 ; gain = 0.000
update_compile_order -fileset sources_1
reset_run synth_1
launch_runs impl_1 -to_step write_bitstream -jobs 8
[Thu Jan  7 17:33:24 2021] Launched synth_1...
Run output will be captured here: C:/Cyanbox/curriculum/arch/RISC-V_lab/PPL_CACHE_PLUS_changesize_stage2/ArchTestUtils.runs/synth_1/runme.log
[Thu Jan  7 17:33:24 2021] Launched impl_1...
Run output will be captured here: C:/Cyanbox/curriculum/arch/RISC-V_lab/PPL_CACHE_PLUS_changesize_stage2/ArchTestUtils.runs/impl_1/runme.log
open_run impl_1
INFO: [Device 21-403] Loading part xc7a100tcsg324-1
Netlist sorting complete. Time (s): cpu = 00:00:00 ; elapsed = 00:00:00.203 . Memory (MB): peak = 1096.426 ; gain = 0.000
INFO: [Netlist 29-17] Analyzing 4258 Unisim elements for replacement
INFO: [Netlist 29-28] Unisim Transformation completed in 0 CPU seconds
INFO: [Project 1-479] Netlist was created with Vivado 2020.2
INFO: [Project 1-570] Preparing netlist for logic optimization
INFO: [Timing 38-478] Restoring timing data from binary archive.
INFO: [Timing 38-479] Binary timing data restore complete.
INFO: [Project 1-856] Restoring constraints from binary archive.
INFO: [Project 1-853] Binary constraint restore complete.
Reading XDEF placement.
Reading placer database...
Reading XDEF routing.
Read XDEF File: Time (s): cpu = 00:00:03 ; elapsed = 00:00:03 . Memory (MB): peak = 1845.410 ; gain = 26.051
Restored from archive | CPU: 3.000000 secs | Memory: 0.000000 MB |
Finished XDEF File Restore: Time (s): cpu = 00:00:03 ; elapsed = 00:00:03 . Memory (MB): peak = 1845.410 ; gain = 26.051
Netlist sorting complete. Time (s): cpu = 00:00:00 ; elapsed = 00:00:00.007 . Memory (MB): peak = 1845.410 ; gain = 0.000
INFO: [Project 1-111] Unisim Transformation Summary:
No Unisim elements were transformed.

open_run: Time (s): cpu = 00:00:46 ; elapsed = 00:00:30 . Memory (MB): peak = 1996.004 ; gain = 987.410
open_report: Time (s): cpu = 00:00:12 ; elapsed = 00:00:07 . Memory (MB): peak = 2121.770 ; gain = 108.602
open_hw_manager
connect_hw_server -allow_non_jtag
INFO: [Labtools 27-2285] Connecting to hw_server url TCP:localhost:3121
INFO: [Labtools 27-2222] Launching hw_server...
INFO: [Labtools 27-2221] Launch Output:

****** Xilinx hw_server v2020.2
  **** Build date : Nov 18 2020 at 10:01:48
    ** Copyright 1986-2020 Xilinx, Inc. All Rights Reserved.


INFO: [Labtools 27-3415] Connecting to cs_server url TCP:localhost:3042
INFO: [Labtools 27-3417] Launching cs_server...
INFO: [Labtools 27-2221] Launch Output:


******** Xilinx cs_server v2020.2
  ****** Build date   : Nov 04 2020-05:02:56
    **** Build number : 2020.2.1604437376
      ** Copyright 2017-2020 Xilinx, Inc. All Rights Reserved.



connect_hw_server: Time (s): cpu = 00:00:01 ; elapsed = 00:00:19 . Memory (MB): peak = 2205.742 ; gain = 16.246
open_hw_target
INFO: [Labtoolstcl 44-466] Opening hw_target localhost:3121/xilinx_tcf/Digilent/210292AD2F37A
open_hw_target: Time (s): cpu = 00:00:06 ; elapsed = 00:00:08 . Memory (MB): peak = 3726.098 ; gain = 1520.355
set_property PROGRAM.FILE {C:/Cyanbox/curriculum/arch/RISC-V_lab/PPL_CACHE_PLUS_changesize_stage2/ArchTestUtils.runs/impl_1/arch_top.bit} [get_hw_devices xc7a100t_0]
current_hw_device [get_hw_devices xc7a100t_0]
refresh_hw_device -update_hw_probes false [lindex [get_hw_devices xc7a100t_0] 0]
INFO: [Labtools 27-1434] Device xc7a100t (JTAG device index = 0) is programmed with a design that has no supported debug core(s) in it.
set_property PROBES.FILE {} [get_hw_devices xc7a100t_0]
set_property FULL_PROBES.FILE {} [get_hw_devices xc7a100t_0]
set_property PROGRAM.FILE {C:/Cyanbox/curriculum/arch/RISC-V_lab/PPL_CACHE_PLUS_changesize_stage2/ArchTestUtils.runs/impl_1/arch_top.bit} [get_hw_devices xc7a100t_0]
program_hw_devices [get_hw_devices xc7a100t_0]
INFO: [Labtools 27-3164] End of startup status: HIGH
refresh_hw_device [lindex [get_hw_devices xc7a100t_0] 0]
INFO: [Labtools 27-1434] Device xc7a100t (JTAG device index = 0) is programmed with a design that has no supported debug core(s) in it.
exit
INFO: [Common 17-206] Exiting Vivado at Thu Jan  7 17:46:07 2021...
